[2026-02-25T13:29:12.902+0000] {processor.py:161} INFO - Started process (PID=67) to work on /opt/airflow/dags/ETL.py
[2026-02-25T13:29:12.931+0000] {processor.py:830} INFO - Processing file /opt/airflow/dags/ETL.py for tasks to queue
[2026-02-25T13:29:12.942+0000] {logging_mixin.py:188} INFO - [2026-02-25T13:29:12.938+0000] {dagbag.py:538} INFO - Filling up the DagBag from /opt/airflow/dags/ETL.py
[2026-02-25T13:29:15.574+0000] {processor.py:840} INFO - DAG(s) 'parquet_to_postgres_etl' retrieved from /opt/airflow/dags/ETL.py
[2026-02-25T13:29:15.957+0000] {logging_mixin.py:188} INFO - [2026-02-25T13:29:15.956+0000] {override.py:1769} INFO - Created Permission View: can read on DAG:parquet_to_postgres_etl
[2026-02-25T13:29:15.975+0000] {logging_mixin.py:188} INFO - [2026-02-25T13:29:15.975+0000] {override.py:1769} INFO - Created Permission View: can edit on DAG:parquet_to_postgres_etl
[2026-02-25T13:29:15.988+0000] {logging_mixin.py:188} INFO - [2026-02-25T13:29:15.988+0000] {override.py:1769} INFO - Created Permission View: can delete on DAG:parquet_to_postgres_etl
[2026-02-25T13:29:15.989+0000] {logging_mixin.py:188} INFO - [2026-02-25T13:29:15.989+0000] {dag.py:3036} INFO - Sync 1 DAGs
[2026-02-25T13:29:16.627+0000] {logging_mixin.py:188} INFO - [2026-02-25T13:29:16.028+0000] {dag.py:3058} INFO - Creating ORM DAG for parquet_to_postgres_etl
[2026-02-25T13:29:16.649+0000] {logging_mixin.py:188} INFO - [2026-02-25T13:29:16.648+0000] {dag.py:3823} INFO - Setting next_dagrun for parquet_to_postgres_etl to 2026-02-24 00:00:00+00:00, run_after=2026-02-25 00:00:00+00:00
[2026-02-25T13:29:16.695+0000] {processor.py:183} INFO - Processing /opt/airflow/dags/ETL.py took 3.828 seconds
[2026-02-25T13:29:47.952+0000] {processor.py:161} INFO - Started process (PID=88) to work on /opt/airflow/dags/ETL.py
[2026-02-25T13:29:47.975+0000] {processor.py:830} INFO - Processing file /opt/airflow/dags/ETL.py for tasks to queue
[2026-02-25T13:29:47.993+0000] {logging_mixin.py:188} INFO - [2026-02-25T13:29:47.986+0000] {dagbag.py:538} INFO - Filling up the DagBag from /opt/airflow/dags/ETL.py
[2026-02-25T13:29:51.493+0000] {processor.py:840} INFO - DAG(s) 'parquet_to_postgres_etl' retrieved from /opt/airflow/dags/ETL.py
[2026-02-25T13:29:51.704+0000] {logging_mixin.py:188} INFO - [2026-02-25T13:29:51.703+0000] {dag.py:3036} INFO - Sync 1 DAGs
[2026-02-25T13:29:52.050+0000] {logging_mixin.py:188} INFO - [2026-02-25T13:29:52.049+0000] {dag.py:3823} INFO - Setting next_dagrun for parquet_to_postgres_etl to 2026-02-24 00:00:00+00:00, run_after=2026-02-25 00:00:00+00:00
[2026-02-25T13:29:52.175+0000] {processor.py:183} INFO - Processing /opt/airflow/dags/ETL.py took 4.319 seconds
[2026-02-25T13:30:22.822+0000] {processor.py:161} INFO - Started process (PID=94) to work on /opt/airflow/dags/ETL.py
[2026-02-25T13:30:22.828+0000] {processor.py:830} INFO - Processing file /opt/airflow/dags/ETL.py for tasks to queue
[2026-02-25T13:30:22.840+0000] {logging_mixin.py:188} INFO - [2026-02-25T13:30:22.834+0000] {dagbag.py:538} INFO - Filling up the DagBag from /opt/airflow/dags/ETL.py
[2026-02-25T13:30:25.032+0000] {processor.py:840} INFO - DAG(s) 'parquet_to_postgres_etl' retrieved from /opt/airflow/dags/ETL.py
[2026-02-25T13:30:25.400+0000] {logging_mixin.py:188} INFO - [2026-02-25T13:30:25.399+0000] {dag.py:3036} INFO - Sync 1 DAGs
[2026-02-25T13:30:25.630+0000] {logging_mixin.py:188} INFO - [2026-02-25T13:30:25.629+0000] {dag.py:3823} INFO - Setting next_dagrun for parquet_to_postgres_etl to 2026-02-24 00:00:00+00:00, run_after=2026-02-25 00:00:00+00:00
[2026-02-25T13:30:25.757+0000] {processor.py:183} INFO - Processing /opt/airflow/dags/ETL.py took 2.947 seconds
[2026-02-25T13:30:56.792+0000] {processor.py:161} INFO - Started process (PID=97) to work on /opt/airflow/dags/ETL.py
[2026-02-25T13:30:56.803+0000] {processor.py:830} INFO - Processing file /opt/airflow/dags/ETL.py for tasks to queue
[2026-02-25T13:30:56.818+0000] {logging_mixin.py:188} INFO - [2026-02-25T13:30:56.811+0000] {dagbag.py:538} INFO - Filling up the DagBag from /opt/airflow/dags/ETL.py
[2026-02-25T13:30:57.939+0000] {processor.py:840} INFO - DAG(s) 'parquet_to_postgres_etl' retrieved from /opt/airflow/dags/ETL.py
[2026-02-25T13:30:58.036+0000] {logging_mixin.py:188} INFO - [2026-02-25T13:30:58.034+0000] {dag.py:3036} INFO - Sync 1 DAGs
[2026-02-25T13:30:58.179+0000] {logging_mixin.py:188} INFO - [2026-02-25T13:30:58.178+0000] {dag.py:3823} INFO - Setting next_dagrun for parquet_to_postgres_etl to 2026-02-24 00:00:00+00:00, run_after=2026-02-25 00:00:00+00:00
[2026-02-25T13:30:58.287+0000] {processor.py:183} INFO - Processing /opt/airflow/dags/ETL.py took 1.532 seconds
[2026-02-25T13:31:29.252+0000] {processor.py:161} INFO - Started process (PID=99) to work on /opt/airflow/dags/ETL.py
[2026-02-25T13:31:29.279+0000] {processor.py:830} INFO - Processing file /opt/airflow/dags/ETL.py for tasks to queue
[2026-02-25T13:31:29.304+0000] {logging_mixin.py:188} INFO - [2026-02-25T13:31:29.293+0000] {dagbag.py:538} INFO - Filling up the DagBag from /opt/airflow/dags/ETL.py
[2026-02-25T13:31:30.849+0000] {processor.py:840} INFO - DAG(s) 'parquet_to_postgres_etl' retrieved from /opt/airflow/dags/ETL.py
[2026-02-25T13:31:31.039+0000] {logging_mixin.py:188} INFO - [2026-02-25T13:31:31.038+0000] {dag.py:3036} INFO - Sync 1 DAGs
[2026-02-25T13:31:31.190+0000] {logging_mixin.py:188} INFO - [2026-02-25T13:31:31.188+0000] {dag.py:3823} INFO - Setting next_dagrun for parquet_to_postgres_etl to 2026-02-24 00:00:00+00:00, run_after=2026-02-25 00:00:00+00:00
[2026-02-25T13:31:31.289+0000] {processor.py:183} INFO - Processing /opt/airflow/dags/ETL.py took 2.138 seconds
