[2026-03-03T21:29:19.448+0000] {processor.py:161} INFO - Started process (PID=181) to work on /opt/airflow/dags/ETL.py
[2026-03-03T21:29:19.450+0000] {processor.py:830} INFO - Processing file /opt/airflow/dags/ETL.py for tasks to queue
[2026-03-03T21:29:19.452+0000] {logging_mixin.py:188} INFO - [2026-03-03T21:29:19.451+0000] {dagbag.py:538} INFO - Filling up the DagBag from /opt/airflow/dags/ETL.py
[2026-03-03T21:29:21.395+0000] {processor.py:840} INFO - DAG(s) 'parquet_to_postgres_etl' retrieved from /opt/airflow/dags/ETL.py
[2026-03-03T21:29:22.041+0000] {logging_mixin.py:188} INFO - [2026-03-03T21:29:22.040+0000] {override.py:1769} INFO - Created Permission View: can edit on DAG:parquet_to_postgres_etl
[2026-03-03T21:29:22.057+0000] {logging_mixin.py:188} INFO - [2026-03-03T21:29:22.056+0000] {override.py:1769} INFO - Created Permission View: can delete on DAG:parquet_to_postgres_etl
[2026-03-03T21:29:22.073+0000] {logging_mixin.py:188} INFO - [2026-03-03T21:29:22.073+0000] {override.py:1769} INFO - Created Permission View: can read on DAG:parquet_to_postgres_etl
[2026-03-03T21:29:22.075+0000] {logging_mixin.py:188} INFO - [2026-03-03T21:29:22.075+0000] {dag.py:3036} INFO - Sync 1 DAGs
[2026-03-03T21:29:22.093+0000] {logging_mixin.py:188} INFO - [2026-03-03T21:29:22.093+0000] {dag.py:3058} INFO - Creating ORM DAG for parquet_to_postgres_etl
[2026-03-03T21:29:22.109+0000] {logging_mixin.py:188} INFO - [2026-03-03T21:29:22.109+0000] {dag.py:3823} INFO - Setting next_dagrun for parquet_to_postgres_etl to 2026-03-02 00:00:00+00:00, run_after=2026-03-03 00:00:00+00:00
[2026-03-03T21:29:22.154+0000] {processor.py:183} INFO - Processing /opt/airflow/dags/ETL.py took 2.715 seconds
[2026-03-03T21:29:52.689+0000] {processor.py:161} INFO - Started process (PID=187) to work on /opt/airflow/dags/ETL.py
[2026-03-03T21:29:52.694+0000] {processor.py:830} INFO - Processing file /opt/airflow/dags/ETL.py for tasks to queue
[2026-03-03T21:29:52.702+0000] {logging_mixin.py:188} INFO - [2026-03-03T21:29:52.701+0000] {dagbag.py:538} INFO - Filling up the DagBag from /opt/airflow/dags/ETL.py
[2026-03-03T21:29:53.359+0000] {processor.py:840} INFO - DAG(s) 'parquet_to_postgres_etl' retrieved from /opt/airflow/dags/ETL.py
[2026-03-03T21:29:53.413+0000] {logging_mixin.py:188} INFO - [2026-03-03T21:29:53.413+0000] {dag.py:3036} INFO - Sync 1 DAGs
[2026-03-03T21:29:53.460+0000] {logging_mixin.py:188} INFO - [2026-03-03T21:29:53.459+0000] {dag.py:3823} INFO - Setting next_dagrun for parquet_to_postgres_etl to 2026-03-02 00:00:00+00:00, run_after=2026-03-03 00:00:00+00:00
[2026-03-03T21:29:53.519+0000] {processor.py:183} INFO - Processing /opt/airflow/dags/ETL.py took 0.842 seconds
[2026-03-03T21:30:23.958+0000] {processor.py:161} INFO - Started process (PID=193) to work on /opt/airflow/dags/ETL.py
[2026-03-03T21:30:23.960+0000] {processor.py:830} INFO - Processing file /opt/airflow/dags/ETL.py for tasks to queue
[2026-03-03T21:30:23.962+0000] {logging_mixin.py:188} INFO - [2026-03-03T21:30:23.961+0000] {dagbag.py:538} INFO - Filling up the DagBag from /opt/airflow/dags/ETL.py
[2026-03-03T21:30:24.402+0000] {processor.py:840} INFO - DAG(s) 'parquet_to_postgres_etl' retrieved from /opt/airflow/dags/ETL.py
[2026-03-03T21:30:24.499+0000] {logging_mixin.py:188} INFO - [2026-03-03T21:30:24.498+0000] {dag.py:3036} INFO - Sync 1 DAGs
[2026-03-03T21:30:24.539+0000] {logging_mixin.py:188} INFO - [2026-03-03T21:30:24.538+0000] {dag.py:3823} INFO - Setting next_dagrun for parquet_to_postgres_etl to 2026-03-02 00:00:00+00:00, run_after=2026-03-03 00:00:00+00:00
[2026-03-03T21:30:24.584+0000] {processor.py:183} INFO - Processing /opt/airflow/dags/ETL.py took 0.632 seconds
[2026-03-03T21:30:54.968+0000] {processor.py:161} INFO - Started process (PID=199) to work on /opt/airflow/dags/ETL.py
[2026-03-03T21:30:54.970+0000] {processor.py:830} INFO - Processing file /opt/airflow/dags/ETL.py for tasks to queue
[2026-03-03T21:30:54.972+0000] {logging_mixin.py:188} INFO - [2026-03-03T21:30:54.972+0000] {dagbag.py:538} INFO - Filling up the DagBag from /opt/airflow/dags/ETL.py
[2026-03-03T21:30:55.451+0000] {processor.py:840} INFO - DAG(s) 'parquet_to_postgres_etl' retrieved from /opt/airflow/dags/ETL.py
[2026-03-03T21:30:55.538+0000] {logging_mixin.py:188} INFO - [2026-03-03T21:30:55.537+0000] {dag.py:3036} INFO - Sync 1 DAGs
[2026-03-03T21:30:55.573+0000] {logging_mixin.py:188} INFO - [2026-03-03T21:30:55.573+0000] {dag.py:3823} INFO - Setting next_dagrun for parquet_to_postgres_etl to 2026-03-02 00:00:00+00:00, run_after=2026-03-03 00:00:00+00:00
[2026-03-03T21:30:55.606+0000] {processor.py:183} INFO - Processing /opt/airflow/dags/ETL.py took 0.643 seconds
[2026-03-03T21:31:25.850+0000] {processor.py:161} INFO - Started process (PID=205) to work on /opt/airflow/dags/ETL.py
[2026-03-03T21:31:25.853+0000] {processor.py:830} INFO - Processing file /opt/airflow/dags/ETL.py for tasks to queue
[2026-03-03T21:31:25.856+0000] {logging_mixin.py:188} INFO - [2026-03-03T21:31:25.855+0000] {dagbag.py:538} INFO - Filling up the DagBag from /opt/airflow/dags/ETL.py
[2026-03-03T21:31:26.339+0000] {processor.py:840} INFO - DAG(s) 'parquet_to_postgres_etl' retrieved from /opt/airflow/dags/ETL.py
[2026-03-03T21:31:26.431+0000] {logging_mixin.py:188} INFO - [2026-03-03T21:31:26.430+0000] {dag.py:3036} INFO - Sync 1 DAGs
[2026-03-03T21:31:26.474+0000] {logging_mixin.py:188} INFO - [2026-03-03T21:31:26.474+0000] {dag.py:3823} INFO - Setting next_dagrun for parquet_to_postgres_etl to 2026-03-02 00:00:00+00:00, run_after=2026-03-03 00:00:00+00:00
[2026-03-03T21:31:26.524+0000] {processor.py:183} INFO - Processing /opt/airflow/dags/ETL.py took 0.680 seconds
[2026-03-03T21:31:56.822+0000] {processor.py:161} INFO - Started process (PID=211) to work on /opt/airflow/dags/ETL.py
[2026-03-03T21:31:56.825+0000] {processor.py:830} INFO - Processing file /opt/airflow/dags/ETL.py for tasks to queue
[2026-03-03T21:31:56.827+0000] {logging_mixin.py:188} INFO - [2026-03-03T21:31:56.827+0000] {dagbag.py:538} INFO - Filling up the DagBag from /opt/airflow/dags/ETL.py
[2026-03-03T21:31:57.309+0000] {processor.py:840} INFO - DAG(s) 'parquet_to_postgres_etl' retrieved from /opt/airflow/dags/ETL.py
[2026-03-03T21:31:57.353+0000] {logging_mixin.py:188} INFO - [2026-03-03T21:31:57.352+0000] {dag.py:3036} INFO - Sync 1 DAGs
[2026-03-03T21:31:57.396+0000] {logging_mixin.py:188} INFO - [2026-03-03T21:31:57.395+0000] {dag.py:3823} INFO - Setting next_dagrun for parquet_to_postgres_etl to 2026-03-02 00:00:00+00:00, run_after=2026-03-03 00:00:00+00:00
[2026-03-03T21:31:57.464+0000] {processor.py:183} INFO - Processing /opt/airflow/dags/ETL.py took 0.648 seconds
[2026-03-03T21:32:27.713+0000] {processor.py:161} INFO - Started process (PID=217) to work on /opt/airflow/dags/ETL.py
[2026-03-03T21:32:27.717+0000] {processor.py:830} INFO - Processing file /opt/airflow/dags/ETL.py for tasks to queue
[2026-03-03T21:32:27.719+0000] {logging_mixin.py:188} INFO - [2026-03-03T21:32:27.718+0000] {dagbag.py:538} INFO - Filling up the DagBag from /opt/airflow/dags/ETL.py
[2026-03-03T21:32:28.353+0000] {processor.py:840} INFO - DAG(s) 'parquet_to_postgres_etl' retrieved from /opt/airflow/dags/ETL.py
[2026-03-03T21:32:28.406+0000] {logging_mixin.py:188} INFO - [2026-03-03T21:32:28.405+0000] {dag.py:3036} INFO - Sync 1 DAGs
[2026-03-03T21:32:28.493+0000] {logging_mixin.py:188} INFO - [2026-03-03T21:32:28.492+0000] {dag.py:3823} INFO - Setting next_dagrun for parquet_to_postgres_etl to 2026-03-02 00:00:00+00:00, run_after=2026-03-03 00:00:00+00:00
[2026-03-03T21:32:28.560+0000] {processor.py:183} INFO - Processing /opt/airflow/dags/ETL.py took 0.854 seconds
[2026-03-03T21:32:58.969+0000] {processor.py:161} INFO - Started process (PID=223) to work on /opt/airflow/dags/ETL.py
[2026-03-03T21:32:58.971+0000] {processor.py:830} INFO - Processing file /opt/airflow/dags/ETL.py for tasks to queue
[2026-03-03T21:32:58.973+0000] {logging_mixin.py:188} INFO - [2026-03-03T21:32:58.973+0000] {dagbag.py:538} INFO - Filling up the DagBag from /opt/airflow/dags/ETL.py
[2026-03-03T21:32:59.486+0000] {processor.py:840} INFO - DAG(s) 'parquet_to_postgres_etl' retrieved from /opt/airflow/dags/ETL.py
[2026-03-03T21:32:59.548+0000] {logging_mixin.py:188} INFO - [2026-03-03T21:32:59.547+0000] {dag.py:3036} INFO - Sync 1 DAGs
[2026-03-03T21:32:59.600+0000] {logging_mixin.py:188} INFO - [2026-03-03T21:32:59.599+0000] {dag.py:3823} INFO - Setting next_dagrun for parquet_to_postgres_etl to 2026-03-02 00:00:00+00:00, run_after=2026-03-03 00:00:00+00:00
[2026-03-03T21:32:59.673+0000] {processor.py:183} INFO - Processing /opt/airflow/dags/ETL.py took 0.712 seconds
[2026-03-03T21:33:30.123+0000] {processor.py:161} INFO - Started process (PID=229) to work on /opt/airflow/dags/ETL.py
[2026-03-03T21:33:30.125+0000] {processor.py:830} INFO - Processing file /opt/airflow/dags/ETL.py for tasks to queue
[2026-03-03T21:33:30.127+0000] {logging_mixin.py:188} INFO - [2026-03-03T21:33:30.127+0000] {dagbag.py:538} INFO - Filling up the DagBag from /opt/airflow/dags/ETL.py
[2026-03-03T21:33:30.544+0000] {processor.py:840} INFO - DAG(s) 'parquet_to_postgres_etl' retrieved from /opt/airflow/dags/ETL.py
[2026-03-03T21:33:30.594+0000] {logging_mixin.py:188} INFO - [2026-03-03T21:33:30.594+0000] {dag.py:3036} INFO - Sync 1 DAGs
[2026-03-03T21:33:30.634+0000] {logging_mixin.py:188} INFO - [2026-03-03T21:33:30.634+0000] {dag.py:3823} INFO - Setting next_dagrun for parquet_to_postgres_etl to 2026-03-02 00:00:00+00:00, run_after=2026-03-03 00:00:00+00:00
[2026-03-03T21:33:30.666+0000] {processor.py:183} INFO - Processing /opt/airflow/dags/ETL.py took 0.547 seconds
[2026-03-03T21:34:00.812+0000] {processor.py:161} INFO - Started process (PID=235) to work on /opt/airflow/dags/ETL.py
[2026-03-03T21:34:00.815+0000] {processor.py:830} INFO - Processing file /opt/airflow/dags/ETL.py for tasks to queue
[2026-03-03T21:34:00.817+0000] {logging_mixin.py:188} INFO - [2026-03-03T21:34:00.817+0000] {dagbag.py:538} INFO - Filling up the DagBag from /opt/airflow/dags/ETL.py
[2026-03-03T21:34:01.356+0000] {processor.py:840} INFO - DAG(s) 'parquet_to_postgres_etl' retrieved from /opt/airflow/dags/ETL.py
[2026-03-03T21:34:01.408+0000] {logging_mixin.py:188} INFO - [2026-03-03T21:34:01.407+0000] {dag.py:3036} INFO - Sync 1 DAGs
[2026-03-03T21:34:01.446+0000] {logging_mixin.py:188} INFO - [2026-03-03T21:34:01.446+0000] {dag.py:3823} INFO - Setting next_dagrun for parquet_to_postgres_etl to 2026-03-02 00:00:00+00:00, run_after=2026-03-03 00:00:00+00:00
[2026-03-03T21:34:01.501+0000] {processor.py:183} INFO - Processing /opt/airflow/dags/ETL.py took 0.694 seconds
[2026-03-03T21:34:32.074+0000] {processor.py:161} INFO - Started process (PID=241) to work on /opt/airflow/dags/ETL.py
[2026-03-03T21:34:32.077+0000] {processor.py:830} INFO - Processing file /opt/airflow/dags/ETL.py for tasks to queue
[2026-03-03T21:34:32.079+0000] {logging_mixin.py:188} INFO - [2026-03-03T21:34:32.079+0000] {dagbag.py:538} INFO - Filling up the DagBag from /opt/airflow/dags/ETL.py
[2026-03-03T21:34:32.556+0000] {processor.py:840} INFO - DAG(s) 'parquet_to_postgres_etl' retrieved from /opt/airflow/dags/ETL.py
[2026-03-03T21:34:32.601+0000] {logging_mixin.py:188} INFO - [2026-03-03T21:34:32.600+0000] {dag.py:3036} INFO - Sync 1 DAGs
[2026-03-03T21:34:32.638+0000] {logging_mixin.py:188} INFO - [2026-03-03T21:34:32.637+0000] {dag.py:3823} INFO - Setting next_dagrun for parquet_to_postgres_etl to 2026-03-02 00:00:00+00:00, run_after=2026-03-03 00:00:00+00:00
[2026-03-03T21:34:32.679+0000] {processor.py:183} INFO - Processing /opt/airflow/dags/ETL.py took 0.612 seconds
[2026-03-03T21:35:19.101+0000] {processor.py:161} INFO - Started process (PID=193) to work on /opt/airflow/dags/ETL.py
[2026-03-03T21:35:19.103+0000] {processor.py:830} INFO - Processing file /opt/airflow/dags/ETL.py for tasks to queue
[2026-03-03T21:35:19.105+0000] {logging_mixin.py:188} INFO - [2026-03-03T21:35:19.104+0000] {dagbag.py:538} INFO - Filling up the DagBag from /opt/airflow/dags/ETL.py
[2026-03-03T21:35:19.581+0000] {processor.py:840} INFO - DAG(s) 'parquet_to_postgres_etl' retrieved from /opt/airflow/dags/ETL.py
[2026-03-03T21:35:19.626+0000] {logging_mixin.py:188} INFO - [2026-03-03T21:35:19.625+0000] {dag.py:3036} INFO - Sync 1 DAGs
[2026-03-03T21:35:19.665+0000] {logging_mixin.py:188} INFO - [2026-03-03T21:35:19.664+0000] {dag.py:3823} INFO - Setting next_dagrun for parquet_to_postgres_etl to 2026-03-02 00:00:00+00:00, run_after=2026-03-03 00:00:00+00:00
[2026-03-03T21:35:19.734+0000] {processor.py:183} INFO - Processing /opt/airflow/dags/ETL.py took 0.639 seconds
[2026-03-03T21:35:50.132+0000] {processor.py:161} INFO - Started process (PID=199) to work on /opt/airflow/dags/ETL.py
[2026-03-03T21:35:50.135+0000] {processor.py:830} INFO - Processing file /opt/airflow/dags/ETL.py for tasks to queue
[2026-03-03T21:35:50.137+0000] {logging_mixin.py:188} INFO - [2026-03-03T21:35:50.136+0000] {dagbag.py:538} INFO - Filling up the DagBag from /opt/airflow/dags/ETL.py
[2026-03-03T21:35:50.599+0000] {processor.py:840} INFO - DAG(s) 'parquet_to_postgres_etl' retrieved from /opt/airflow/dags/ETL.py
[2026-03-03T21:35:51.075+0000] {logging_mixin.py:188} INFO - [2026-03-03T21:35:51.074+0000] {dag.py:3036} INFO - Sync 1 DAGs
[2026-03-03T21:35:51.119+0000] {logging_mixin.py:188} INFO - [2026-03-03T21:35:51.118+0000] {dag.py:3823} INFO - Setting next_dagrun for parquet_to_postgres_etl to 2026-03-02 00:00:00+00:00, run_after=2026-03-03 00:00:00+00:00
[2026-03-03T21:35:51.193+0000] {processor.py:183} INFO - Processing /opt/airflow/dags/ETL.py took 1.068 seconds
[2026-03-03T21:36:21.483+0000] {processor.py:161} INFO - Started process (PID=205) to work on /opt/airflow/dags/ETL.py
[2026-03-03T21:36:21.485+0000] {processor.py:830} INFO - Processing file /opt/airflow/dags/ETL.py for tasks to queue
[2026-03-03T21:36:21.488+0000] {logging_mixin.py:188} INFO - [2026-03-03T21:36:21.487+0000] {dagbag.py:538} INFO - Filling up the DagBag from /opt/airflow/dags/ETL.py
[2026-03-03T21:36:22.013+0000] {processor.py:840} INFO - DAG(s) 'parquet_to_postgres_etl' retrieved from /opt/airflow/dags/ETL.py
[2026-03-03T21:36:22.133+0000] {logging_mixin.py:188} INFO - [2026-03-03T21:36:22.132+0000] {dag.py:3036} INFO - Sync 1 DAGs
[2026-03-03T21:36:22.186+0000] {logging_mixin.py:188} INFO - [2026-03-03T21:36:22.185+0000] {dag.py:3823} INFO - Setting next_dagrun for parquet_to_postgres_etl to 2026-03-02 00:00:00+00:00, run_after=2026-03-03 00:00:00+00:00
[2026-03-03T21:36:22.225+0000] {processor.py:183} INFO - Processing /opt/airflow/dags/ETL.py took 0.750 seconds
[2026-03-03T21:36:52.683+0000] {processor.py:161} INFO - Started process (PID=211) to work on /opt/airflow/dags/ETL.py
[2026-03-03T21:36:52.686+0000] {processor.py:830} INFO - Processing file /opt/airflow/dags/ETL.py for tasks to queue
[2026-03-03T21:36:52.688+0000] {logging_mixin.py:188} INFO - [2026-03-03T21:36:52.687+0000] {dagbag.py:538} INFO - Filling up the DagBag from /opt/airflow/dags/ETL.py
[2026-03-03T21:36:53.145+0000] {processor.py:840} INFO - DAG(s) 'parquet_to_postgres_etl' retrieved from /opt/airflow/dags/ETL.py
[2026-03-03T21:36:53.191+0000] {logging_mixin.py:188} INFO - [2026-03-03T21:36:53.191+0000] {dag.py:3036} INFO - Sync 1 DAGs
[2026-03-03T21:36:53.272+0000] {logging_mixin.py:188} INFO - [2026-03-03T21:36:53.271+0000] {dag.py:3823} INFO - Setting next_dagrun for parquet_to_postgres_etl to 2026-03-02 00:00:00+00:00, run_after=2026-03-03 00:00:00+00:00
[2026-03-03T21:36:53.316+0000] {processor.py:183} INFO - Processing /opt/airflow/dags/ETL.py took 0.642 seconds
[2026-03-03T21:37:33.371+0000] {processor.py:161} INFO - Started process (PID=193) to work on /opt/airflow/dags/ETL.py
[2026-03-03T21:37:33.373+0000] {processor.py:830} INFO - Processing file /opt/airflow/dags/ETL.py for tasks to queue
[2026-03-03T21:37:33.374+0000] {logging_mixin.py:188} INFO - [2026-03-03T21:37:33.374+0000] {dagbag.py:538} INFO - Filling up the DagBag from /opt/airflow/dags/ETL.py
[2026-03-03T21:37:33.810+0000] {processor.py:840} INFO - DAG(s) 'parquet_to_postgres_etl' retrieved from /opt/airflow/dags/ETL.py
[2026-03-03T21:37:33.843+0000] {logging_mixin.py:188} INFO - [2026-03-03T21:37:33.842+0000] {dag.py:3036} INFO - Sync 1 DAGs
[2026-03-03T21:37:33.877+0000] {logging_mixin.py:188} INFO - [2026-03-03T21:37:33.876+0000] {dag.py:3823} INFO - Setting next_dagrun for parquet_to_postgres_etl to 2026-03-02 00:00:00+00:00, run_after=2026-03-03 00:00:00+00:00
[2026-03-03T21:37:33.909+0000] {processor.py:183} INFO - Processing /opt/airflow/dags/ETL.py took 0.544 seconds
[2026-03-03T21:38:04.255+0000] {processor.py:161} INFO - Started process (PID=199) to work on /opt/airflow/dags/ETL.py
[2026-03-03T21:38:04.258+0000] {processor.py:830} INFO - Processing file /opt/airflow/dags/ETL.py for tasks to queue
[2026-03-03T21:38:04.261+0000] {logging_mixin.py:188} INFO - [2026-03-03T21:38:04.260+0000] {dagbag.py:538} INFO - Filling up the DagBag from /opt/airflow/dags/ETL.py
[2026-03-03T21:38:04.785+0000] {processor.py:840} INFO - DAG(s) 'parquet_to_postgres_etl' retrieved from /opt/airflow/dags/ETL.py
[2026-03-03T21:38:05.305+0000] {logging_mixin.py:188} INFO - [2026-03-03T21:38:05.304+0000] {dag.py:3036} INFO - Sync 1 DAGs
[2026-03-03T21:38:05.340+0000] {logging_mixin.py:188} INFO - [2026-03-03T21:38:05.339+0000] {dag.py:3823} INFO - Setting next_dagrun for parquet_to_postgres_etl to 2026-03-02 00:00:00+00:00, run_after=2026-03-03 00:00:00+00:00
[2026-03-03T21:38:05.377+0000] {processor.py:183} INFO - Processing /opt/airflow/dags/ETL.py took 1.130 seconds
[2026-03-03T21:38:35.638+0000] {processor.py:161} INFO - Started process (PID=205) to work on /opt/airflow/dags/ETL.py
[2026-03-03T21:38:35.641+0000] {processor.py:830} INFO - Processing file /opt/airflow/dags/ETL.py for tasks to queue
[2026-03-03T21:38:35.643+0000] {logging_mixin.py:188} INFO - [2026-03-03T21:38:35.642+0000] {dagbag.py:538} INFO - Filling up the DagBag from /opt/airflow/dags/ETL.py
[2026-03-03T21:38:36.092+0000] {processor.py:840} INFO - DAG(s) 'parquet_to_postgres_etl' retrieved from /opt/airflow/dags/ETL.py
[2026-03-03T21:38:36.135+0000] {logging_mixin.py:188} INFO - [2026-03-03T21:38:36.134+0000] {dag.py:3036} INFO - Sync 1 DAGs
[2026-03-03T21:38:36.180+0000] {logging_mixin.py:188} INFO - [2026-03-03T21:38:36.179+0000] {dag.py:3823} INFO - Setting next_dagrun for parquet_to_postgres_etl to 2026-03-02 00:00:00+00:00, run_after=2026-03-03 00:00:00+00:00
[2026-03-03T21:38:36.234+0000] {processor.py:183} INFO - Processing /opt/airflow/dags/ETL.py took 0.600 seconds
[2026-03-03T21:39:06.651+0000] {processor.py:161} INFO - Started process (PID=211) to work on /opt/airflow/dags/ETL.py
[2026-03-03T21:39:06.654+0000] {processor.py:830} INFO - Processing file /opt/airflow/dags/ETL.py for tasks to queue
[2026-03-03T21:39:06.656+0000] {logging_mixin.py:188} INFO - [2026-03-03T21:39:06.656+0000] {dagbag.py:538} INFO - Filling up the DagBag from /opt/airflow/dags/ETL.py
[2026-03-03T21:39:07.138+0000] {processor.py:840} INFO - DAG(s) 'parquet_to_postgres_etl' retrieved from /opt/airflow/dags/ETL.py
[2026-03-03T21:39:07.215+0000] {logging_mixin.py:188} INFO - [2026-03-03T21:39:07.214+0000] {dag.py:3036} INFO - Sync 1 DAGs
[2026-03-03T21:39:07.252+0000] {logging_mixin.py:188} INFO - [2026-03-03T21:39:07.252+0000] {dag.py:3823} INFO - Setting next_dagrun for parquet_to_postgres_etl to 2026-03-02 00:00:00+00:00, run_after=2026-03-03 00:00:00+00:00
[2026-03-03T21:39:07.287+0000] {processor.py:183} INFO - Processing /opt/airflow/dags/ETL.py took 0.643 seconds
[2026-03-03T21:39:37.684+0000] {processor.py:161} INFO - Started process (PID=217) to work on /opt/airflow/dags/ETL.py
[2026-03-03T21:39:37.688+0000] {processor.py:830} INFO - Processing file /opt/airflow/dags/ETL.py for tasks to queue
[2026-03-03T21:39:37.690+0000] {logging_mixin.py:188} INFO - [2026-03-03T21:39:37.690+0000] {dagbag.py:538} INFO - Filling up the DagBag from /opt/airflow/dags/ETL.py
[2026-03-03T21:39:38.207+0000] {processor.py:840} INFO - DAG(s) 'parquet_to_postgres_etl' retrieved from /opt/airflow/dags/ETL.py
[2026-03-03T21:39:38.299+0000] {logging_mixin.py:188} INFO - [2026-03-03T21:39:38.299+0000] {dag.py:3036} INFO - Sync 1 DAGs
[2026-03-03T21:39:38.340+0000] {logging_mixin.py:188} INFO - [2026-03-03T21:39:38.340+0000] {dag.py:3823} INFO - Setting next_dagrun for parquet_to_postgres_etl to 2026-03-02 00:00:00+00:00, run_after=2026-03-03 00:00:00+00:00
[2026-03-03T21:39:38.381+0000] {processor.py:183} INFO - Processing /opt/airflow/dags/ETL.py took 0.703 seconds
[2026-03-03T21:40:23.788+0000] {processor.py:161} INFO - Started process (PID=181) to work on /opt/airflow/dags/ETL.py
[2026-03-03T21:40:23.790+0000] {processor.py:830} INFO - Processing file /opt/airflow/dags/ETL.py for tasks to queue
[2026-03-03T21:40:23.792+0000] {logging_mixin.py:188} INFO - [2026-03-03T21:40:23.791+0000] {dagbag.py:538} INFO - Filling up the DagBag from /opt/airflow/dags/ETL.py
[2026-03-03T21:40:25.178+0000] {processor.py:840} INFO - DAG(s) 'parquet_to_postgres_etl' retrieved from /opt/airflow/dags/ETL.py
[2026-03-03T21:40:25.944+0000] {logging_mixin.py:188} INFO - [2026-03-03T21:40:25.942+0000] {override.py:1769} INFO - Created Permission View: can delete on DAG:parquet_to_postgres_etl
[2026-03-03T21:40:25.973+0000] {logging_mixin.py:188} INFO - [2026-03-03T21:40:25.972+0000] {override.py:1769} INFO - Created Permission View: can read on DAG:parquet_to_postgres_etl
[2026-03-03T21:40:26.002+0000] {logging_mixin.py:188} INFO - [2026-03-03T21:40:26.001+0000] {override.py:1769} INFO - Created Permission View: can edit on DAG:parquet_to_postgres_etl
[2026-03-03T21:40:26.004+0000] {logging_mixin.py:188} INFO - [2026-03-03T21:40:26.003+0000] {dag.py:3036} INFO - Sync 1 DAGs
[2026-03-03T21:40:26.020+0000] {logging_mixin.py:188} INFO - [2026-03-03T21:40:26.020+0000] {dag.py:3058} INFO - Creating ORM DAG for parquet_to_postgres_etl
[2026-03-03T21:40:26.036+0000] {logging_mixin.py:188} INFO - [2026-03-03T21:40:26.035+0000] {dag.py:3823} INFO - Setting next_dagrun for parquet_to_postgres_etl to 2026-03-02 00:00:00+00:00, run_after=2026-03-03 00:00:00+00:00
[2026-03-03T21:40:26.106+0000] {processor.py:183} INFO - Processing /opt/airflow/dags/ETL.py took 2.326 seconds
[2026-03-03T21:40:56.209+0000] {processor.py:161} INFO - Started process (PID=187) to work on /opt/airflow/dags/ETL.py
[2026-03-03T21:40:56.212+0000] {processor.py:830} INFO - Processing file /opt/airflow/dags/ETL.py for tasks to queue
[2026-03-03T21:40:56.214+0000] {logging_mixin.py:188} INFO - [2026-03-03T21:40:56.213+0000] {dagbag.py:538} INFO - Filling up the DagBag from /opt/airflow/dags/ETL.py
[2026-03-03T21:40:56.649+0000] {processor.py:840} INFO - DAG(s) 'parquet_to_postgres_etl' retrieved from /opt/airflow/dags/ETL.py
[2026-03-03T21:40:56.686+0000] {logging_mixin.py:188} INFO - [2026-03-03T21:40:56.685+0000] {dag.py:3036} INFO - Sync 1 DAGs
[2026-03-03T21:40:56.717+0000] {logging_mixin.py:188} INFO - [2026-03-03T21:40:56.717+0000] {dag.py:3823} INFO - Setting next_dagrun for parquet_to_postgres_etl to 2026-03-02 00:00:00+00:00, run_after=2026-03-03 00:00:00+00:00
[2026-03-03T21:40:56.752+0000] {processor.py:183} INFO - Processing /opt/airflow/dags/ETL.py took 0.547 seconds
[2026-03-03T21:41:27.129+0000] {processor.py:161} INFO - Started process (PID=193) to work on /opt/airflow/dags/ETL.py
[2026-03-03T21:41:27.132+0000] {processor.py:830} INFO - Processing file /opt/airflow/dags/ETL.py for tasks to queue
[2026-03-03T21:41:27.134+0000] {logging_mixin.py:188} INFO - [2026-03-03T21:41:27.133+0000] {dagbag.py:538} INFO - Filling up the DagBag from /opt/airflow/dags/ETL.py
[2026-03-03T21:41:27.562+0000] {processor.py:840} INFO - DAG(s) 'parquet_to_postgres_etl' retrieved from /opt/airflow/dags/ETL.py
[2026-03-03T21:41:27.614+0000] {logging_mixin.py:188} INFO - [2026-03-03T21:41:27.613+0000] {dag.py:3036} INFO - Sync 1 DAGs
[2026-03-03T21:41:27.649+0000] {logging_mixin.py:188} INFO - [2026-03-03T21:41:27.649+0000] {dag.py:3823} INFO - Setting next_dagrun for parquet_to_postgres_etl to 2026-03-02 00:00:00+00:00, run_after=2026-03-03 00:00:00+00:00
[2026-03-03T21:41:27.724+0000] {processor.py:183} INFO - Processing /opt/airflow/dags/ETL.py took 0.601 seconds
[2026-03-03T21:41:58.149+0000] {processor.py:161} INFO - Started process (PID=199) to work on /opt/airflow/dags/ETL.py
[2026-03-03T21:41:58.153+0000] {processor.py:830} INFO - Processing file /opt/airflow/dags/ETL.py for tasks to queue
[2026-03-03T21:41:58.156+0000] {logging_mixin.py:188} INFO - [2026-03-03T21:41:58.155+0000] {dagbag.py:538} INFO - Filling up the DagBag from /opt/airflow/dags/ETL.py
[2026-03-03T21:41:58.634+0000] {processor.py:840} INFO - DAG(s) 'parquet_to_postgres_etl' retrieved from /opt/airflow/dags/ETL.py
[2026-03-03T21:41:58.691+0000] {logging_mixin.py:188} INFO - [2026-03-03T21:41:58.691+0000] {dag.py:3036} INFO - Sync 1 DAGs
[2026-03-03T21:41:58.729+0000] {logging_mixin.py:188} INFO - [2026-03-03T21:41:58.729+0000] {dag.py:3823} INFO - Setting next_dagrun for parquet_to_postgres_etl to 2026-03-02 00:00:00+00:00, run_after=2026-03-03 00:00:00+00:00
[2026-03-03T21:41:58.806+0000] {processor.py:183} INFO - Processing /opt/airflow/dags/ETL.py took 0.665 seconds
[2026-03-03T21:42:29.171+0000] {processor.py:161} INFO - Started process (PID=205) to work on /opt/airflow/dags/ETL.py
[2026-03-03T21:42:29.173+0000] {processor.py:830} INFO - Processing file /opt/airflow/dags/ETL.py for tasks to queue
[2026-03-03T21:42:29.175+0000] {logging_mixin.py:188} INFO - [2026-03-03T21:42:29.174+0000] {dagbag.py:538} INFO - Filling up the DagBag from /opt/airflow/dags/ETL.py
[2026-03-03T21:42:29.579+0000] {processor.py:840} INFO - DAG(s) 'parquet_to_postgres_etl' retrieved from /opt/airflow/dags/ETL.py
[2026-03-03T21:42:29.624+0000] {logging_mixin.py:188} INFO - [2026-03-03T21:42:29.623+0000] {dag.py:3036} INFO - Sync 1 DAGs
[2026-03-03T21:42:29.661+0000] {logging_mixin.py:188} INFO - [2026-03-03T21:42:29.661+0000] {dag.py:3823} INFO - Setting next_dagrun for parquet_to_postgres_etl to 2026-03-02 00:00:00+00:00, run_after=2026-03-03 00:00:00+00:00
[2026-03-03T21:42:29.735+0000] {processor.py:183} INFO - Processing /opt/airflow/dags/ETL.py took 0.570 seconds
[2026-03-03T21:44:22.622+0000] {processor.py:161} INFO - Started process (PID=181) to work on /opt/airflow/dags/ETL.py
[2026-03-03T21:44:22.625+0000] {processor.py:830} INFO - Processing file /opt/airflow/dags/ETL.py for tasks to queue
[2026-03-03T21:44:22.628+0000] {logging_mixin.py:188} INFO - [2026-03-03T21:44:22.627+0000] {dagbag.py:538} INFO - Filling up the DagBag from /opt/airflow/dags/ETL.py
[2026-03-03T21:44:23.983+0000] {processor.py:840} INFO - DAG(s) 'parquet_to_postgres_etl' retrieved from /opt/airflow/dags/ETL.py
[2026-03-03T21:44:24.622+0000] {logging_mixin.py:188} INFO - [2026-03-03T21:44:24.621+0000] {override.py:1769} INFO - Created Permission View: can edit on DAG:parquet_to_postgres_etl
[2026-03-03T21:44:24.640+0000] {logging_mixin.py:188} INFO - [2026-03-03T21:44:24.639+0000] {override.py:1769} INFO - Created Permission View: can delete on DAG:parquet_to_postgres_etl
[2026-03-03T21:44:24.657+0000] {logging_mixin.py:188} INFO - [2026-03-03T21:44:24.657+0000] {override.py:1769} INFO - Created Permission View: can read on DAG:parquet_to_postgres_etl
[2026-03-03T21:44:24.659+0000] {logging_mixin.py:188} INFO - [2026-03-03T21:44:24.658+0000] {dag.py:3036} INFO - Sync 1 DAGs
[2026-03-03T21:44:24.676+0000] {logging_mixin.py:188} INFO - [2026-03-03T21:44:24.675+0000] {dag.py:3058} INFO - Creating ORM DAG for parquet_to_postgres_etl
[2026-03-03T21:44:24.693+0000] {logging_mixin.py:188} INFO - [2026-03-03T21:44:24.692+0000] {dag.py:3823} INFO - Setting next_dagrun for parquet_to_postgres_etl to 2026-03-02 00:00:00+00:00, run_after=2026-03-03 00:00:00+00:00
[2026-03-03T21:44:24.729+0000] {processor.py:183} INFO - Processing /opt/airflow/dags/ETL.py took 2.129 seconds
[2026-03-03T21:44:55.030+0000] {processor.py:161} INFO - Started process (PID=187) to work on /opt/airflow/dags/ETL.py
[2026-03-03T21:44:55.034+0000] {processor.py:830} INFO - Processing file /opt/airflow/dags/ETL.py for tasks to queue
[2026-03-03T21:44:55.037+0000] {logging_mixin.py:188} INFO - [2026-03-03T21:44:55.036+0000] {dagbag.py:538} INFO - Filling up the DagBag from /opt/airflow/dags/ETL.py
[2026-03-03T21:44:55.521+0000] {processor.py:840} INFO - DAG(s) 'parquet_to_postgres_etl' retrieved from /opt/airflow/dags/ETL.py
[2026-03-03T21:44:55.583+0000] {logging_mixin.py:188} INFO - [2026-03-03T21:44:55.583+0000] {dag.py:3036} INFO - Sync 1 DAGs
[2026-03-03T21:44:55.622+0000] {logging_mixin.py:188} INFO - [2026-03-03T21:44:55.621+0000] {dag.py:3823} INFO - Setting next_dagrun for parquet_to_postgres_etl to 2026-03-02 00:00:00+00:00, run_after=2026-03-03 00:00:00+00:00
[2026-03-03T21:44:55.677+0000] {processor.py:183} INFO - Processing /opt/airflow/dags/ETL.py took 0.654 seconds
[2026-03-03T21:45:26.134+0000] {processor.py:161} INFO - Started process (PID=193) to work on /opt/airflow/dags/ETL.py
[2026-03-03T21:45:26.139+0000] {processor.py:830} INFO - Processing file /opt/airflow/dags/ETL.py for tasks to queue
[2026-03-03T21:45:26.143+0000] {logging_mixin.py:188} INFO - [2026-03-03T21:45:26.142+0000] {dagbag.py:538} INFO - Filling up the DagBag from /opt/airflow/dags/ETL.py
[2026-03-03T21:45:26.612+0000] {processor.py:840} INFO - DAG(s) 'parquet_to_postgres_etl' retrieved from /opt/airflow/dags/ETL.py
[2026-03-03T21:45:26.660+0000] {logging_mixin.py:188} INFO - [2026-03-03T21:45:26.659+0000] {dag.py:3036} INFO - Sync 1 DAGs
[2026-03-03T21:45:26.708+0000] {logging_mixin.py:188} INFO - [2026-03-03T21:45:26.708+0000] {dag.py:3823} INFO - Setting next_dagrun for parquet_to_postgres_etl to 2026-03-02 00:00:00+00:00, run_after=2026-03-03 00:00:00+00:00
[2026-03-03T21:45:26.755+0000] {processor.py:183} INFO - Processing /opt/airflow/dags/ETL.py took 0.633 seconds
