[2026-03-05T10:02:17.644+0000] {taskinstance.py:1956} INFO - Dependencies all met for dep_context=non-requeueable deps ti=<TaskInstance: parquet_to_postgres_etl.load_to_postgres_task scheduled__2026-03-04T00:00:00+00:00 [queued]>
[2026-03-05T10:02:17.656+0000] {taskinstance.py:1956} INFO - Dependencies all met for dep_context=requeueable deps ti=<TaskInstance: parquet_to_postgres_etl.load_to_postgres_task scheduled__2026-03-04T00:00:00+00:00 [queued]>
[2026-03-05T10:02:17.657+0000] {taskinstance.py:2170} INFO - Starting attempt 1 of 2
[2026-03-05T10:02:17.686+0000] {taskinstance.py:2191} INFO - Executing <Task(PythonOperator): load_to_postgres_task> on 2026-03-04 00:00:00+00:00
[2026-03-05T10:02:17.709+0000] {standard_task_runner.py:60} INFO - Started process 198 to run task
[2026-03-05T10:02:17.717+0000] {standard_task_runner.py:87} INFO - Running: ['***', 'tasks', 'run', 'parquet_to_postgres_etl', 'load_to_postgres_task', 'scheduled__2026-03-04T00:00:00+00:00', '--job-id', '6', '--raw', '--subdir', 'DAGS_FOLDER/ETL.py', '--cfg-path', '/tmp/tmp0196xibl']
[2026-03-05T10:02:17.723+0000] {standard_task_runner.py:88} INFO - Job 6: Subtask load_to_postgres_task
[2026-03-05T10:02:17.842+0000] {task_command.py:423} INFO - Running <TaskInstance: parquet_to_postgres_etl.load_to_postgres_task scheduled__2026-03-04T00:00:00+00:00 [running]> on host 3891c318109d
[2026-03-05T10:02:18.245+0000] {taskinstance.py:2480} INFO - Exporting env vars: AIRFLOW_CTX_DAG_OWNER='***' AIRFLOW_CTX_DAG_ID='parquet_to_postgres_etl' AIRFLOW_CTX_TASK_ID='load_to_postgres_task' AIRFLOW_CTX_EXECUTION_DATE='2026-03-04T00:00:00+00:00' AIRFLOW_CTX_TRY_NUMBER='1' AIRFLOW_CTX_DAG_RUN_ID='scheduled__2026-03-04T00:00:00+00:00'
[2026-03-05T10:02:18.248+0000] {logging_mixin.py:188} INFO - Starting batch load to Postgres...
[2026-03-05T10:03:29.641+0000] {logging_mixin.py:188} INFO - Wrote batch: 100,000 rows (total: 100,000)
[2026-03-05T10:04:26.854+0000] {logging_mixin.py:188} INFO - Wrote batch: 100,000 rows (total: 200,000)
[2026-03-05T10:05:21.079+0000] {logging_mixin.py:188} INFO - Wrote batch: 100,000 rows (total: 300,000)
[2026-03-05T10:06:13.339+0000] {logging_mixin.py:188} INFO - Wrote batch: 100,000 rows (total: 400,000)
[2026-03-05T10:07:04.300+0000] {logging_mixin.py:188} INFO - Wrote batch: 100,000 rows (total: 500,000)
[2026-03-05T10:07:55.253+0000] {logging_mixin.py:188} INFO - Wrote batch: 100,000 rows (total: 600,000)
[2026-03-05T10:08:44.395+0000] {logging_mixin.py:188} INFO - Wrote batch: 100,000 rows (total: 700,000)
[2026-03-05T10:09:37.808+0000] {logging_mixin.py:188} INFO - Wrote batch: 100,000 rows (total: 800,000)
[2026-03-05T10:10:43.619+0000] {logging_mixin.py:188} INFO - Wrote batch: 100,000 rows (total: 900,000)
[2026-03-05T10:11:37.567+0000] {logging_mixin.py:188} INFO - Wrote batch: 100,000 rows (total: 1,000,000)
[2026-03-05T10:12:02.653+0000] {logging_mixin.py:188} INFO - Wrote batch: 48,576 rows (total: 1,048,576)
[2026-03-05T10:12:54.533+0000] {logging_mixin.py:188} INFO - Wrote batch: 100,000 rows (total: 1,148,576)
[2026-03-05T10:13:43.619+0000] {logging_mixin.py:188} INFO - Wrote batch: 100,000 rows (total: 1,248,576)
[2026-03-05T10:14:32.789+0000] {logging_mixin.py:188} INFO - Wrote batch: 100,000 rows (total: 1,348,576)
[2026-03-05T10:15:22.785+0000] {logging_mixin.py:188} INFO - Wrote batch: 100,000 rows (total: 1,448,576)
[2026-03-05T10:17:45.833+0000] {logging_mixin.py:188} INFO - Wrote batch: 100,000 rows (total: 1,548,576)
[2026-03-05T10:18:37.494+0000] {logging_mixin.py:188} INFO - Wrote batch: 100,000 rows (total: 1,648,576)
[2026-03-05T10:19:27.341+0000] {logging_mixin.py:188} INFO - Wrote batch: 100,000 rows (total: 1,748,576)
[2026-03-05T10:20:16.979+0000] {logging_mixin.py:188} INFO - Wrote batch: 100,000 rows (total: 1,848,576)
[2026-03-05T10:21:05.670+0000] {logging_mixin.py:188} INFO - Wrote batch: 100,000 rows (total: 1,948,576)
[2026-03-05T10:21:56.616+0000] {logging_mixin.py:188} INFO - Wrote batch: 100,000 rows (total: 2,048,576)
[2026-03-05T10:24:59.118+0000] {logging_mixin.py:188} INFO - Wrote batch: 48,576 rows (total: 2,097,152)
[2026-03-05T10:25:49.222+0000] {logging_mixin.py:188} INFO - Wrote batch: 100,000 rows (total: 2,197,152)
[2026-03-05T10:26:45.380+0000] {logging_mixin.py:188} INFO - Wrote batch: 100,000 rows (total: 2,297,152)
[2026-03-05T10:27:40.724+0000] {logging_mixin.py:188} INFO - Wrote batch: 100,000 rows (total: 2,397,152)
[2026-03-05T10:28:32.918+0000] {logging_mixin.py:188} INFO - Wrote batch: 100,000 rows (total: 2,497,152)
[2026-03-05T10:29:38.781+0000] {logging_mixin.py:188} INFO - Wrote batch: 100,000 rows (total: 2,597,152)
[2026-03-05T10:30:32.549+0000] {logging_mixin.py:188} INFO - Wrote batch: 100,000 rows (total: 2,697,152)
[2026-03-05T10:31:10.945+0000] {logging_mixin.py:188} INFO - Wrote batch: 73,454 rows (total: 2,770,606)
[2026-03-05T10:31:11.470+0000] {logging_mixin.py:188} INFO - Data loaded to Postgres successfully. Total rows: 2,770,606
[2026-03-05T10:31:11.485+0000] {python.py:201} INFO - Done. Returned value was: None
[2026-03-05T10:31:11.529+0000] {taskinstance.py:1138} INFO - Marking task as SUCCESS. dag_id=parquet_to_postgres_etl, task_id=load_to_postgres_task, execution_date=20260304T000000, start_date=20260305T100217, end_date=20260305T103111
[2026-03-05T10:31:12.084+0000] {local_task_job_runner.py:234} INFO - Task exited with return code 0
[2026-03-05T10:31:15.190+0000] {taskinstance.py:3280} INFO - 0 downstream tasks scheduled from follow-on schedule check
