[2026-03-04T14:35:07.440+0000] {taskinstance.py:1956} INFO - Dependencies all met for dep_context=non-requeueable deps ti=<TaskInstance: parquet_to_postgres_etl.load_to_postgres_task manual__2026-03-04T13:59:56.341743+00:00 [queued]>
[2026-03-04T14:35:07.458+0000] {taskinstance.py:1956} INFO - Dependencies all met for dep_context=requeueable deps ti=<TaskInstance: parquet_to_postgres_etl.load_to_postgres_task manual__2026-03-04T13:59:56.341743+00:00 [queued]>
[2026-03-04T14:35:07.460+0000] {taskinstance.py:2170} INFO - Starting attempt 3 of 4
[2026-03-04T14:35:07.485+0000] {taskinstance.py:2191} INFO - Executing <Task(PythonOperator): load_to_postgres_task> on 2026-03-04 13:59:56.341743+00:00
[2026-03-04T14:35:07.501+0000] {standard_task_runner.py:60} INFO - Started process 1317 to run task
[2026-03-04T14:35:07.506+0000] {standard_task_runner.py:87} INFO - Running: ['***', 'tasks', 'run', 'parquet_to_postgres_etl', 'load_to_postgres_task', 'manual__2026-03-04T13:59:56.341743+00:00', '--job-id', '33', '--raw', '--subdir', 'DAGS_FOLDER/ETL.py', '--cfg-path', '/tmp/tmpwmdmv1kc']
[2026-03-04T14:35:07.510+0000] {standard_task_runner.py:88} INFO - Job 33: Subtask load_to_postgres_task
[2026-03-04T14:35:07.610+0000] {task_command.py:423} INFO - Running <TaskInstance: parquet_to_postgres_etl.load_to_postgres_task manual__2026-03-04T13:59:56.341743+00:00 [running]> on host 45484a47d757
[2026-03-04T14:35:08.039+0000] {taskinstance.py:2480} INFO - Exporting env vars: AIRFLOW_CTX_DAG_OWNER='***' AIRFLOW_CTX_DAG_ID='parquet_to_postgres_etl' AIRFLOW_CTX_TASK_ID='load_to_postgres_task' AIRFLOW_CTX_EXECUTION_DATE='2026-03-04T13:59:56.341743+00:00' AIRFLOW_CTX_TRY_NUMBER='3' AIRFLOW_CTX_DAG_RUN_ID='manual__2026-03-04T13:59:56.341743+00:00'
[2026-03-04T14:35:08.042+0000] {logging_mixin.py:188} INFO - Starting batch load to Postgres...
[2026-03-04T14:36:06.707+0000] {logging_mixin.py:188} INFO - Wrote batch: 100,000 rows (total: 100,000)
[2026-03-04T14:37:07.540+0000] {logging_mixin.py:188} INFO - Wrote batch: 100,000 rows (total: 200,000)
[2026-03-04T14:38:00.948+0000] {logging_mixin.py:188} INFO - Wrote batch: 100,000 rows (total: 300,000)
[2026-03-04T14:38:51.223+0000] {logging_mixin.py:188} INFO - Wrote batch: 100,000 rows (total: 400,000)
[2026-03-04T14:39:39.716+0000] {logging_mixin.py:188} INFO - Wrote batch: 100,000 rows (total: 500,000)
[2026-03-04T14:40:27.725+0000] {logging_mixin.py:188} INFO - Wrote batch: 100,000 rows (total: 600,000)
[2026-03-04T14:41:14.851+0000] {logging_mixin.py:188} INFO - Wrote batch: 100,000 rows (total: 700,000)
[2026-03-04T14:41:58.877+0000] {logging_mixin.py:188} INFO - Wrote batch: 100,000 rows (total: 800,000)
[2026-03-04T14:42:42.972+0000] {logging_mixin.py:188} INFO - Wrote batch: 100,000 rows (total: 900,000)
[2026-03-04T14:43:28.903+0000] {logging_mixin.py:188} INFO - Wrote batch: 100,000 rows (total: 1,000,000)
[2026-03-04T14:43:52.545+0000] {logging_mixin.py:188} INFO - Wrote batch: 48,576 rows (total: 1,048,576)
[2026-03-04T14:44:41.298+0000] {logging_mixin.py:188} INFO - Wrote batch: 100,000 rows (total: 1,148,576)
[2026-03-04T14:45:30.499+0000] {logging_mixin.py:188} INFO - Wrote batch: 100,000 rows (total: 1,248,576)
[2026-03-04T14:46:17.458+0000] {logging_mixin.py:188} INFO - Wrote batch: 100,000 rows (total: 1,348,576)
[2026-03-04T14:47:02.299+0000] {logging_mixin.py:188} INFO - Wrote batch: 100,000 rows (total: 1,448,576)
[2026-03-04T14:47:47.224+0000] {logging_mixin.py:188} INFO - Wrote batch: 100,000 rows (total: 1,548,576)
[2026-03-04T14:48:39.996+0000] {logging_mixin.py:188} INFO - Wrote batch: 100,000 rows (total: 1,648,576)
[2026-03-04T14:49:37.722+0000] {logging_mixin.py:188} INFO - Wrote batch: 100,000 rows (total: 1,748,576)
[2026-03-04T14:50:41.414+0000] {logging_mixin.py:188} INFO - Wrote batch: 100,000 rows (total: 1,848,576)
[2026-03-04T14:51:33.976+0000] {logging_mixin.py:188} INFO - Wrote batch: 100,000 rows (total: 1,948,576)
[2026-03-04T14:52:25.827+0000] {logging_mixin.py:188} INFO - Wrote batch: 100,000 rows (total: 2,048,576)
[2026-03-04T14:52:50.169+0000] {logging_mixin.py:188} INFO - Wrote batch: 48,576 rows (total: 2,097,152)
[2026-03-04T14:53:42.716+0000] {logging_mixin.py:188} INFO - Wrote batch: 100,000 rows (total: 2,197,152)
[2026-03-04T14:54:35.587+0000] {logging_mixin.py:188} INFO - Wrote batch: 100,000 rows (total: 2,297,152)
[2026-03-04T14:55:28.375+0000] {logging_mixin.py:188} INFO - Wrote batch: 100,000 rows (total: 2,397,152)
[2026-03-04T14:56:21.621+0000] {logging_mixin.py:188} INFO - Wrote batch: 100,000 rows (total: 2,497,152)
[2026-03-04T14:57:13.573+0000] {logging_mixin.py:188} INFO - Wrote batch: 100,000 rows (total: 2,597,152)
[2026-03-04T14:58:06.913+0000] {logging_mixin.py:188} INFO - Wrote batch: 100,000 rows (total: 2,697,152)
[2026-03-04T14:58:44.488+0000] {logging_mixin.py:188} INFO - Wrote batch: 73,454 rows (total: 2,770,606)
[2026-03-04T14:58:45.007+0000] {logging_mixin.py:188} INFO - Data loaded to Postgres successfully. Total rows: 2,770,606
[2026-03-04T14:58:45.018+0000] {python.py:201} INFO - Done. Returned value was: None
[2026-03-04T14:58:45.053+0000] {taskinstance.py:1138} INFO - Marking task as SUCCESS. dag_id=parquet_to_postgres_etl, task_id=load_to_postgres_task, execution_date=20260304T135956, start_date=20260304T143507, end_date=20260304T145845
[2026-03-04T14:58:45.451+0000] {local_task_job_runner.py:234} INFO - Task exited with return code 0
[2026-03-04T14:58:47.468+0000] {taskinstance.py:3280} INFO - 0 downstream tasks scheduled from follow-on schedule check
