[2026-03-04T18:28:59.324+0000] {taskinstance.py:1956} INFO - Dependencies all met for dep_context=non-requeueable deps ti=<TaskInstance: parquet_to_postgres_etl.load_to_postgres_task scheduled__2026-03-03T00:00:00+00:00 [queued]>
[2026-03-04T18:28:59.352+0000] {taskinstance.py:1956} INFO - Dependencies all met for dep_context=requeueable deps ti=<TaskInstance: parquet_to_postgres_etl.load_to_postgres_task scheduled__2026-03-03T00:00:00+00:00 [queued]>
[2026-03-04T18:28:59.354+0000] {taskinstance.py:2170} INFO - Starting attempt 1 of 2
[2026-03-04T18:28:59.385+0000] {taskinstance.py:2191} INFO - Executing <Task(PythonOperator): load_to_postgres_task> on 2026-03-03 00:00:00+00:00
[2026-03-04T18:28:59.402+0000] {standard_task_runner.py:60} INFO - Started process 303 to run task
[2026-03-04T18:28:59.418+0000] {standard_task_runner.py:87} INFO - Running: ['***', 'tasks', 'run', 'parquet_to_postgres_etl', 'load_to_postgres_task', 'scheduled__2026-03-03T00:00:00+00:00', '--job-id', '3', '--raw', '--subdir', 'DAGS_FOLDER/ETL.py', '--cfg-path', '/tmp/tmptns0pdzx']
[2026-03-04T18:28:59.429+0000] {standard_task_runner.py:88} INFO - Job 3: Subtask load_to_postgres_task
[2026-03-04T18:28:59.568+0000] {task_command.py:423} INFO - Running <TaskInstance: parquet_to_postgres_etl.load_to_postgres_task scheduled__2026-03-03T00:00:00+00:00 [running]> on host c57b70643ac9
[2026-03-04T18:29:00.054+0000] {taskinstance.py:2480} INFO - Exporting env vars: AIRFLOW_CTX_DAG_OWNER='***' AIRFLOW_CTX_DAG_ID='parquet_to_postgres_etl' AIRFLOW_CTX_TASK_ID='load_to_postgres_task' AIRFLOW_CTX_EXECUTION_DATE='2026-03-03T00:00:00+00:00' AIRFLOW_CTX_TRY_NUMBER='1' AIRFLOW_CTX_DAG_RUN_ID='scheduled__2026-03-03T00:00:00+00:00'
[2026-03-04T18:29:00.058+0000] {logging_mixin.py:188} INFO - Starting batch load to Postgres...
[2026-03-04T18:30:01.552+0000] {logging_mixin.py:188} INFO - Wrote batch: 100,000 rows (total: 100,000)
[2026-03-04T18:30:50.819+0000] {logging_mixin.py:188} INFO - Wrote batch: 100,000 rows (total: 200,000)
[2026-03-04T18:31:25.450+0000] {logging_mixin.py:188} INFO - Wrote batch: 100,000 rows (total: 300,000)
[2026-03-04T18:31:59.264+0000] {logging_mixin.py:188} INFO - Wrote batch: 100,000 rows (total: 400,000)
[2026-03-04T18:32:32.202+0000] {logging_mixin.py:188} INFO - Wrote batch: 100,000 rows (total: 500,000)
[2026-03-04T18:33:06.235+0000] {logging_mixin.py:188} INFO - Wrote batch: 100,000 rows (total: 600,000)
[2026-03-04T18:33:40.569+0000] {logging_mixin.py:188} INFO - Wrote batch: 100,000 rows (total: 700,000)
[2026-03-04T18:35:01.083+0000] {logging_mixin.py:188} INFO - Wrote batch: 100,000 rows (total: 800,000)
[2026-03-04T18:35:39.200+0000] {logging_mixin.py:188} INFO - Wrote batch: 100,000 rows (total: 900,000)
[2026-03-04T18:36:14.781+0000] {logging_mixin.py:188} INFO - Wrote batch: 100,000 rows (total: 1,000,000)
[2026-03-04T18:36:30.481+0000] {logging_mixin.py:188} INFO - Wrote batch: 48,576 rows (total: 1,048,576)
[2026-03-04T18:37:03.684+0000] {logging_mixin.py:188} INFO - Wrote batch: 100,000 rows (total: 1,148,576)
[2026-03-04T18:37:39.835+0000] {logging_mixin.py:188} INFO - Wrote batch: 100,000 rows (total: 1,248,576)
[2026-03-04T18:38:15.440+0000] {logging_mixin.py:188} INFO - Wrote batch: 100,000 rows (total: 1,348,576)
[2026-03-04T18:38:51.913+0000] {logging_mixin.py:188} INFO - Wrote batch: 100,000 rows (total: 1,448,576)
[2026-03-04T18:39:28.485+0000] {logging_mixin.py:188} INFO - Wrote batch: 100,000 rows (total: 1,548,576)
[2026-03-04T18:40:06.390+0000] {logging_mixin.py:188} INFO - Wrote batch: 100,000 rows (total: 1,648,576)
[2026-03-04T18:40:42.402+0000] {logging_mixin.py:188} INFO - Wrote batch: 100,000 rows (total: 1,748,576)
[2026-03-04T18:41:16.658+0000] {logging_mixin.py:188} INFO - Wrote batch: 100,000 rows (total: 1,848,576)
[2026-03-04T18:41:49.902+0000] {logging_mixin.py:188} INFO - Wrote batch: 100,000 rows (total: 1,948,576)
[2026-03-04T18:42:26.808+0000] {logging_mixin.py:188} INFO - Wrote batch: 100,000 rows (total: 2,048,576)
[2026-03-04T18:42:43.342+0000] {logging_mixin.py:188} INFO - Wrote batch: 48,576 rows (total: 2,097,152)
[2026-03-04T18:43:20.404+0000] {logging_mixin.py:188} INFO - Wrote batch: 100,000 rows (total: 2,197,152)
[2026-03-04T18:43:54.974+0000] {logging_mixin.py:188} INFO - Wrote batch: 100,000 rows (total: 2,297,152)
[2026-03-04T18:44:30.555+0000] {logging_mixin.py:188} INFO - Wrote batch: 100,000 rows (total: 2,397,152)
[2026-03-04T18:45:25.488+0000] {logging_mixin.py:188} INFO - Wrote batch: 100,000 rows (total: 2,497,152)
[2026-03-04T18:46:05.212+0000] {logging_mixin.py:188} INFO - Wrote batch: 100,000 rows (total: 2,597,152)
[2026-03-04T18:46:51.661+0000] {logging_mixin.py:188} INFO - Wrote batch: 100,000 rows (total: 2,697,152)
[2026-03-04T18:47:20.813+0000] {logging_mixin.py:188} INFO - Wrote batch: 73,454 rows (total: 2,770,606)
[2026-03-04T18:47:21.374+0000] {logging_mixin.py:188} INFO - Data loaded to Postgres successfully. Total rows: 2,770,606
[2026-03-04T18:47:21.403+0000] {python.py:201} INFO - Done. Returned value was: None
[2026-03-04T18:47:21.465+0000] {taskinstance.py:1138} INFO - Marking task as SUCCESS. dag_id=parquet_to_postgres_etl, task_id=load_to_postgres_task, execution_date=20260303T000000, start_date=20260304T182859, end_date=20260304T184721
[2026-03-04T18:47:21.941+0000] {local_task_job_runner.py:234} INFO - Task exited with return code 0
[2026-03-04T18:47:26.777+0000] {taskinstance.py:3280} INFO - 0 downstream tasks scheduled from follow-on schedule check
