[2026-03-04T14:02:32.963+0000] {taskinstance.py:1956} INFO - Dependencies all met for dep_context=non-requeueable deps ti=<TaskInstance: parquet_to_postgres_etl.load_to_postgres_task manual__2026-03-04T14:00:23.977921+00:00 [queued]>
[2026-03-04T14:02:32.984+0000] {taskinstance.py:1956} INFO - Dependencies all met for dep_context=requeueable deps ti=<TaskInstance: parquet_to_postgres_etl.load_to_postgres_task manual__2026-03-04T14:00:23.977921+00:00 [queued]>
[2026-03-04T14:02:32.985+0000] {taskinstance.py:2170} INFO - Starting attempt 2 of 2
[2026-03-04T14:02:33.021+0000] {taskinstance.py:2191} INFO - Executing <Task(PythonOperator): load_to_postgres_task> on 2026-03-04 14:00:23.977921+00:00
[2026-03-04T14:02:33.039+0000] {standard_task_runner.py:60} INFO - Started process 957 to run task
[2026-03-04T14:02:33.046+0000] {standard_task_runner.py:87} INFO - Running: ['***', 'tasks', 'run', 'parquet_to_postgres_etl', 'load_to_postgres_task', 'manual__2026-03-04T14:00:23.977921+00:00', '--job-id', '32', '--raw', '--subdir', 'DAGS_FOLDER/ETL.py', '--cfg-path', '/tmp/tmp1mv_m2qs']
[2026-03-04T14:02:33.062+0000] {standard_task_runner.py:88} INFO - Job 32: Subtask load_to_postgres_task
[2026-03-04T14:02:33.204+0000] {task_command.py:423} INFO - Running <TaskInstance: parquet_to_postgres_etl.load_to_postgres_task manual__2026-03-04T14:00:23.977921+00:00 [running]> on host 45484a47d757
[2026-03-04T14:02:34.145+0000] {taskinstance.py:2480} INFO - Exporting env vars: AIRFLOW_CTX_DAG_OWNER='***' AIRFLOW_CTX_DAG_ID='parquet_to_postgres_etl' AIRFLOW_CTX_TASK_ID='load_to_postgres_task' AIRFLOW_CTX_EXECUTION_DATE='2026-03-04T14:00:23.977921+00:00' AIRFLOW_CTX_TRY_NUMBER='2' AIRFLOW_CTX_DAG_RUN_ID='manual__2026-03-04T14:00:23.977921+00:00'
[2026-03-04T14:02:34.151+0000] {logging_mixin.py:188} INFO - Starting batch load to Postgres...
[2026-03-04T14:04:20.167+0000] {logging_mixin.py:188} INFO - Wrote batch: 100,000 rows (total: 100,000)
[2026-03-04T14:05:10.801+0000] {logging_mixin.py:188} INFO - Wrote batch: 100,000 rows (total: 200,000)
[2026-03-04T14:06:05.841+0000] {logging_mixin.py:188} INFO - Wrote batch: 100,000 rows (total: 300,000)
[2026-03-04T14:07:02.339+0000] {job.py:213} ERROR - Job heartbeat got an exception
Traceback (most recent call last):
  File "/home/airflow/.local/lib/python3.8/site-packages/sqlalchemy/engine/base.py", line 3371, in _wrap_pool_connect
    return fn()
  File "/home/airflow/.local/lib/python3.8/site-packages/sqlalchemy/pool/base.py", line 327, in connect
    return _ConnectionFairy._checkout(self)
  File "/home/airflow/.local/lib/python3.8/site-packages/sqlalchemy/pool/base.py", line 894, in _checkout
    fairy = _ConnectionRecord.checkout(pool)
  File "/home/airflow/.local/lib/python3.8/site-packages/sqlalchemy/pool/base.py", line 493, in checkout
    rec = pool._do_get()
  File "/home/airflow/.local/lib/python3.8/site-packages/sqlalchemy/pool/impl.py", line 256, in _do_get
    return self._create_connection()
  File "/home/airflow/.local/lib/python3.8/site-packages/sqlalchemy/pool/base.py", line 273, in _create_connection
    return _ConnectionRecord(self)
  File "/home/airflow/.local/lib/python3.8/site-packages/sqlalchemy/pool/base.py", line 388, in __init__
    self.__connect()
  File "/home/airflow/.local/lib/python3.8/site-packages/sqlalchemy/pool/base.py", line 691, in __connect
    pool.logger.debug("Error on connect(): %s", e)
  File "/home/airflow/.local/lib/python3.8/site-packages/sqlalchemy/util/langhelpers.py", line 70, in __exit__
    compat.raise_(
  File "/home/airflow/.local/lib/python3.8/site-packages/sqlalchemy/util/compat.py", line 211, in raise_
    raise exception
  File "/home/airflow/.local/lib/python3.8/site-packages/sqlalchemy/pool/base.py", line 686, in __connect
    self.dbapi_connection = connection = pool._invoke_creator(self)
  File "/home/airflow/.local/lib/python3.8/site-packages/sqlalchemy/engine/create.py", line 574, in connect
    return dialect.connect(*cargs, **cparams)
  File "/home/airflow/.local/lib/python3.8/site-packages/sqlalchemy/engine/default.py", line 598, in connect
    return self.dbapi.connect(*cargs, **cparams)
  File "/home/airflow/.local/lib/python3.8/site-packages/psycopg2/__init__.py", line 122, in connect
    conn = _connect(dsn, connection_factory=connection_factory, **kwasync)
psycopg2.OperationalError: could not translate host name "postgres" to address: Temporary failure in name resolution


The above exception was the direct cause of the following exception:

Traceback (most recent call last):
  File "/home/airflow/.local/lib/python3.8/site-packages/airflow/jobs/job.py", line 187, in heartbeat
    self._merge_from(Job._fetch_from_db(self, session))
  File "/home/airflow/.local/lib/python3.8/site-packages/airflow/api_internal/internal_api_call.py", line 114, in wrapper
    return func(*args, **kwargs)
  File "/home/airflow/.local/lib/python3.8/site-packages/airflow/utils/session.py", line 76, in wrapper
    return func(*args, **kwargs)
  File "/home/airflow/.local/lib/python3.8/site-packages/airflow/jobs/job.py", line 308, in _fetch_from_db
    session.merge(job)
  File "/home/airflow/.local/lib/python3.8/site-packages/sqlalchemy/orm/session.py", line 3056, in merge
    return self._merge(
  File "/home/airflow/.local/lib/python3.8/site-packages/sqlalchemy/orm/session.py", line 3136, in _merge
    merged = self.get(
  File "/home/airflow/.local/lib/python3.8/site-packages/sqlalchemy/orm/session.py", line 2853, in get
    return self._get_impl(
  File "/home/airflow/.local/lib/python3.8/site-packages/sqlalchemy/orm/session.py", line 2975, in _get_impl
    return db_load_fn(
  File "/home/airflow/.local/lib/python3.8/site-packages/sqlalchemy/orm/loading.py", line 530, in load_on_pk_identity
    session.execute(
  File "/home/airflow/.local/lib/python3.8/site-packages/sqlalchemy/orm/session.py", line 1716, in execute
    conn = self._connection_for_bind(bind)
  File "/home/airflow/.local/lib/python3.8/site-packages/sqlalchemy/orm/session.py", line 1555, in _connection_for_bind
    return self._transaction._connection_for_bind(
  File "/home/airflow/.local/lib/python3.8/site-packages/sqlalchemy/orm/session.py", line 750, in _connection_for_bind
    conn = bind.connect()
  File "/home/airflow/.local/lib/python3.8/site-packages/sqlalchemy/future/engine.py", line 412, in connect
    return super(Engine, self).connect()
  File "/home/airflow/.local/lib/python3.8/site-packages/sqlalchemy/engine/base.py", line 3325, in connect
    return self._connection_cls(self, close_with_result=close_with_result)
  File "/home/airflow/.local/lib/python3.8/site-packages/sqlalchemy/engine/base.py", line 96, in __init__
    else engine.raw_connection()
  File "/home/airflow/.local/lib/python3.8/site-packages/sqlalchemy/engine/base.py", line 3404, in raw_connection
    return self._wrap_pool_connect(self.pool.connect, _connection)
  File "/home/airflow/.local/lib/python3.8/site-packages/sqlalchemy/engine/base.py", line 3374, in _wrap_pool_connect
    Connection._handle_dbapi_exception_noconnection(
  File "/home/airflow/.local/lib/python3.8/site-packages/sqlalchemy/engine/base.py", line 2208, in _handle_dbapi_exception_noconnection
    util.raise_(
  File "/home/airflow/.local/lib/python3.8/site-packages/sqlalchemy/util/compat.py", line 211, in raise_
    raise exception
  File "/home/airflow/.local/lib/python3.8/site-packages/sqlalchemy/engine/base.py", line 3371, in _wrap_pool_connect
    return fn()
  File "/home/airflow/.local/lib/python3.8/site-packages/sqlalchemy/pool/base.py", line 327, in connect
    return _ConnectionFairy._checkout(self)
  File "/home/airflow/.local/lib/python3.8/site-packages/sqlalchemy/pool/base.py", line 894, in _checkout
    fairy = _ConnectionRecord.checkout(pool)
  File "/home/airflow/.local/lib/python3.8/site-packages/sqlalchemy/pool/base.py", line 493, in checkout
    rec = pool._do_get()
  File "/home/airflow/.local/lib/python3.8/site-packages/sqlalchemy/pool/impl.py", line 256, in _do_get
    return self._create_connection()
  File "/home/airflow/.local/lib/python3.8/site-packages/sqlalchemy/pool/base.py", line 273, in _create_connection
    return _ConnectionRecord(self)
  File "/home/airflow/.local/lib/python3.8/site-packages/sqlalchemy/pool/base.py", line 388, in __init__
    self.__connect()
  File "/home/airflow/.local/lib/python3.8/site-packages/sqlalchemy/pool/base.py", line 691, in __connect
    pool.logger.debug("Error on connect(): %s", e)
  File "/home/airflow/.local/lib/python3.8/site-packages/sqlalchemy/util/langhelpers.py", line 70, in __exit__
    compat.raise_(
  File "/home/airflow/.local/lib/python3.8/site-packages/sqlalchemy/util/compat.py", line 211, in raise_
    raise exception
  File "/home/airflow/.local/lib/python3.8/site-packages/sqlalchemy/pool/base.py", line 686, in __connect
    self.dbapi_connection = connection = pool._invoke_creator(self)
  File "/home/airflow/.local/lib/python3.8/site-packages/sqlalchemy/engine/create.py", line 574, in connect
    return dialect.connect(*cargs, **cparams)
  File "/home/airflow/.local/lib/python3.8/site-packages/sqlalchemy/engine/default.py", line 598, in connect
    return self.dbapi.connect(*cargs, **cparams)
  File "/home/airflow/.local/lib/python3.8/site-packages/psycopg2/__init__.py", line 122, in connect
    conn = _connect(dsn, connection_factory=connection_factory, **kwasync)
sqlalchemy.exc.OperationalError: (psycopg2.OperationalError) could not translate host name "postgres" to address: Temporary failure in name resolution

(Background on this error at: https://sqlalche.me/e/14/e3q8)
[2026-03-04T14:07:10.482+0000] {job.py:221} ERROR - Job heartbeat failed with error. Scheduler is in unhealthy state
[2026-03-04T14:07:58.217+0000] {logging_mixin.py:188} INFO - Wrote batch: 100,000 rows (total: 400,000)
[2026-03-04T14:08:31.772+0000] {job.py:221} ERROR - Job heartbeat failed with error. Scheduler is in unhealthy state
[2026-03-04T14:09:31.580+0000] {logging_mixin.py:188} INFO - Wrote batch: 100,000 rows (total: 500,000)
[2026-03-04T14:10:16.701+0000] {logging_mixin.py:188} INFO - Wrote batch: 100,000 rows (total: 600,000)
[2026-03-04T14:11:02.144+0000] {logging_mixin.py:188} INFO - Wrote batch: 100,000 rows (total: 700,000)
[2026-03-04T14:11:48.006+0000] {logging_mixin.py:188} INFO - Wrote batch: 100,000 rows (total: 800,000)
[2026-03-04T14:12:32.976+0000] {logging_mixin.py:188} INFO - Wrote batch: 100,000 rows (total: 900,000)
[2026-03-04T14:13:18.170+0000] {logging_mixin.py:188} INFO - Wrote batch: 100,000 rows (total: 1,000,000)
[2026-03-04T14:13:39.557+0000] {logging_mixin.py:188} INFO - Wrote batch: 48,576 rows (total: 1,048,576)
[2026-03-04T14:14:23.945+0000] {logging_mixin.py:188} INFO - Wrote batch: 100,000 rows (total: 1,148,576)
[2026-03-04T14:15:11.191+0000] {logging_mixin.py:188} INFO - Wrote batch: 100,000 rows (total: 1,248,576)
[2026-03-04T14:15:55.603+0000] {logging_mixin.py:188} INFO - Wrote batch: 100,000 rows (total: 1,348,576)
[2026-03-04T14:16:44.687+0000] {logging_mixin.py:188} INFO - Wrote batch: 100,000 rows (total: 1,448,576)
[2026-03-04T14:17:31.528+0000] {logging_mixin.py:188} INFO - Wrote batch: 100,000 rows (total: 1,548,576)
[2026-03-04T14:18:17.201+0000] {logging_mixin.py:188} INFO - Wrote batch: 100,000 rows (total: 1,648,576)
[2026-03-04T14:19:03.149+0000] {logging_mixin.py:188} INFO - Wrote batch: 100,000 rows (total: 1,748,576)
[2026-03-04T14:19:50.406+0000] {logging_mixin.py:188} INFO - Wrote batch: 100,000 rows (total: 1,848,576)
[2026-03-04T14:20:36.571+0000] {logging_mixin.py:188} INFO - Wrote batch: 100,000 rows (total: 1,948,576)
[2026-03-04T14:21:21.411+0000] {logging_mixin.py:188} INFO - Wrote batch: 100,000 rows (total: 2,048,576)
[2026-03-04T14:21:43.091+0000] {logging_mixin.py:188} INFO - Wrote batch: 48,576 rows (total: 2,097,152)
[2026-03-04T14:22:29.006+0000] {logging_mixin.py:188} INFO - Wrote batch: 100,000 rows (total: 2,197,152)
[2026-03-04T14:23:15.817+0000] {logging_mixin.py:188} INFO - Wrote batch: 100,000 rows (total: 2,297,152)
[2026-03-04T14:24:02.279+0000] {logging_mixin.py:188} INFO - Wrote batch: 100,000 rows (total: 2,397,152)
[2026-03-04T14:24:48.150+0000] {logging_mixin.py:188} INFO - Wrote batch: 100,000 rows (total: 2,497,152)
[2026-03-04T14:25:34.313+0000] {logging_mixin.py:188} INFO - Wrote batch: 100,000 rows (total: 2,597,152)
[2026-03-04T14:29:07.404+0000] {logging_mixin.py:188} INFO - Wrote batch: 100,000 rows (total: 2,697,152)
[2026-03-04T14:29:40.019+0000] {logging_mixin.py:188} INFO - Wrote batch: 73,454 rows (total: 2,770,606)
[2026-03-04T14:29:40.682+0000] {logging_mixin.py:188} INFO - Data loaded to Postgres successfully. Total rows: 2,770,606
[2026-03-04T14:29:40.695+0000] {python.py:201} INFO - Done. Returned value was: None
[2026-03-04T14:29:40.723+0000] {taskinstance.py:1138} INFO - Marking task as SUCCESS. dag_id=parquet_to_postgres_etl, task_id=load_to_postgres_task, execution_date=20260304T140023, start_date=20260304T140232, end_date=20260304T142940
[2026-03-04T14:29:40.953+0000] {local_task_job_runner.py:234} INFO - Task exited with return code 0
[2026-03-04T14:29:40.998+0000] {taskinstance.py:3280} INFO - 0 downstream tasks scheduled from follow-on schedule check
