[2026-03-04T13:58:08.142+0000] {taskinstance.py:1956} INFO - Dependencies all met for dep_context=non-requeueable deps ti=<TaskInstance: parquet_to_postgres_etl.load_to_postgres_task manual__2026-03-04T13:50:46.650687+00:00 [queued]>
[2026-03-04T13:58:08.159+0000] {taskinstance.py:1956} INFO - Dependencies all met for dep_context=requeueable deps ti=<TaskInstance: parquet_to_postgres_etl.load_to_postgres_task manual__2026-03-04T13:50:46.650687+00:00 [queued]>
[2026-03-04T13:58:08.160+0000] {taskinstance.py:2170} INFO - Starting attempt 6 of 6
[2026-03-04T13:58:08.180+0000] {taskinstance.py:2191} INFO - Executing <Task(PythonOperator): load_to_postgres_task> on 2026-03-04 13:50:46.650687+00:00
[2026-03-04T13:58:08.192+0000] {standard_task_runner.py:60} INFO - Started process 816 to run task
[2026-03-04T13:58:08.197+0000] {standard_task_runner.py:87} INFO - Running: ['***', 'tasks', 'run', 'parquet_to_postgres_etl', 'load_to_postgres_task', 'manual__2026-03-04T13:50:46.650687+00:00', '--job-id', '24', '--raw', '--subdir', 'DAGS_FOLDER/ETL.py', '--cfg-path', '/tmp/tmp_51wri9d']
[2026-03-04T13:58:08.200+0000] {standard_task_runner.py:88} INFO - Job 24: Subtask load_to_postgres_task
[2026-03-04T13:58:08.310+0000] {task_command.py:423} INFO - Running <TaskInstance: parquet_to_postgres_etl.load_to_postgres_task manual__2026-03-04T13:50:46.650687+00:00 [running]> on host 45484a47d757
[2026-03-04T13:58:08.689+0000] {taskinstance.py:2480} INFO - Exporting env vars: AIRFLOW_CTX_DAG_OWNER='***' AIRFLOW_CTX_DAG_ID='parquet_to_postgres_etl' AIRFLOW_CTX_TASK_ID='load_to_postgres_task' AIRFLOW_CTX_EXECUTION_DATE='2026-03-04T13:50:46.650687+00:00' AIRFLOW_CTX_TRY_NUMBER='6' AIRFLOW_CTX_DAG_RUN_ID='manual__2026-03-04T13:50:46.650687+00:00'
[2026-03-04T13:58:08.712+0000] {logging_mixin.py:188} INFO - Rows received for load
[2026-03-04T13:58:08.714+0000] {taskinstance.py:2698} ERROR - Task failed with exception
Traceback (most recent call last):
  File "/home/airflow/.local/lib/python3.8/site-packages/airflow/models/taskinstance.py", line 433, in _execute_task
    result = execute_callable(context=context, **execute_callable_kwargs)
  File "/home/airflow/.local/lib/python3.8/site-packages/airflow/operators/python.py", line 199, in execute
    return_value = self.execute_callable()
  File "/home/airflow/.local/lib/python3.8/site-packages/airflow/operators/python.py", line 216, in execute_callable
    return self.python_callable(*self.op_args, **self.op_kwargs)
  File "/opt/airflow/dags/ETL.py", line 40, in load_to_postgres
    df.to_sql(
AttributeError: 'str' object has no attribute 'to_sql'
[2026-03-04T13:58:08.739+0000] {taskinstance.py:1138} INFO - Marking task as FAILED. dag_id=parquet_to_postgres_etl, task_id=load_to_postgres_task, execution_date=20260304T135046, start_date=20260304T135808, end_date=20260304T135808
[2026-03-04T13:58:08.755+0000] {standard_task_runner.py:107} ERROR - Failed to execute job 24 for task load_to_postgres_task ('str' object has no attribute 'to_sql'; 816)
[2026-03-04T13:58:08.774+0000] {local_task_job_runner.py:234} INFO - Task exited with return code 1
[2026-03-04T13:58:08.798+0000] {taskinstance.py:3280} INFO - 0 downstream tasks scheduled from follow-on schedule check
